This file contains any messages produced by compilers while
running configure, to aid debugging if configure makes a mistake.

It was created by zookeeper C client configure 3.5.3, which was
generated by GNU Autoconf 2.69.  Invocation command line was

  $ ./configure 

## --------- ##
## Platform. ##
## --------- ##

hostname = tw-mbp-cbhavanasi
uname -m = x86_64
uname -r = 16.7.0
uname -s = Darwin
uname -v = Darwin Kernel Version 16.7.0: Wed Oct  4 00:17:00 PDT 2017; root:xnu-3789.71.6~1/RELEASE_X86_64

/usr/bin/uname -p = i386
/bin/uname -X     = unknown

/bin/arch              = unknown
/usr/bin/arch -k       = unknown
/usr/convex/getsysinfo = unknown
/usr/bin/hostinfo      = Mach kernel version:
	 Darwin Kernel Version 16.7.0: Wed Oct  4 00:17:00 PDT 2017; root:xnu-3789.71.6~1/RELEASE_X86_64
Kernel configured for up to 4 processors.
2 processors are physically available.
4 processors are logically available.
Processor type: x86_64h (Intel x86-64h Haswell)
Processors active: 0 1 2 3
Primary memory available: 16.00 gigabytes
Default processor set: 457 tasks, 2616 threads, 4 processors
Load average: 4.01, Mach factor: 1.19
/bin/machine           = unknown
/usr/bin/oslevel       = unknown
/bin/universe          = unknown

PATH: /Users/cbhavanasi/.virtualenvs/propagator/bin
PATH: /opt/twitter_mde/bin
PATH: /opt/twitter_mde/homebrew_minimal/mde_bin
PATH: /opt/twitter_mde/homebrew/mde_bin
PATH: /Users/cbhavanasi/.venvburrito/bin
PATH: /Applications/Postgres.app/Contents/Versions/9.5/bin
PATH: /Users/cbhavanasi/.gem/ruby/2.0.0/bin
PATH: /opt/twitter/bin
PATH: /opt/twitter/sbin
PATH: /usr/local/mysql/bin
PATH: /Users/cbhavanasi/bin
PATH: /usr/local/bin
PATH: /usr/bin
PATH: /bin
PATH: /usr/sbin
PATH: /sbin
PATH: /opt/X11/bin
PATH: /usr/local/go/bin
PATH: /opt/twitter_mde/data/node/bin
PATH: /Users/cbhavanasi/.npm-global/bin


## ----------- ##
## Core tests. ##
## ----------- ##

configure:2605: checking for doxygen
configure:2638: result: no
configure:2711: checking for perl
configure:2729: found /usr/bin/perl
configure:2741: result: /usr/bin/perl
configure:2883: checking for dot
configure:2901: found /opt/twitter_mde/homebrew_minimal/mde_bin/dot
configure:2913: result: /opt/twitter_mde/homebrew_minimal/mde_bin/dot
configure:4470: checking for a BSD-compatible install
configure:4538: result: /usr/bin/install -c
configure:4549: checking whether build environment is sane
configure:4604: result: yes
configure:4755: checking for a thread-safe mkdir -p
configure:4794: result: ./install-sh -c -d
configure:4801: checking for gawk
configure:4831: result: no
configure:4801: checking for mawk
configure:4831: result: no
configure:4801: checking for nawk
configure:4831: result: no
configure:4801: checking for awk
configure:4817: found /usr/bin/awk
configure:4828: result: awk
configure:4839: checking whether make sets $(MAKE)
configure:4861: result: yes
configure:4890: checking whether make supports nested variables
configure:4907: result: yes
configure:5083: checking for cppunit-config
configure:5114: result: no
configure:5124: checking for Cppunit - version >= 1.10.2
configure:5128: result: no
configure:5196: checking for generated/zookeeper.jute.c
configure:5209: result: yes
configure:5221: checking for generated/zookeeper.jute.h
configure:5234: result: yes
configure:5298: checking for gcc
configure:5314: found /usr/bin/gcc
configure:5325: result: gcc
configure:5554: checking for C compiler version
configure:5563: gcc --version >&5
Apple LLVM version 8.0.0 (clang-800.0.38)
Target: x86_64-apple-darwin16.7.0
Thread model: posix
InstalledDir: /Applications/Xcode.app/Contents/Developer/Toolchains/XcodeDefault.xctoolchain/usr/bin
Configured with: --prefix=/Applications/Xcode.app/Contents/Developer/usr --with-gxx-include-dir=/usr/include/c++/4.2.1
configure:5574: $? = 0
configure:5563: gcc -v >&5
Configured with: --prefix=/Applications/Xcode.app/Contents/Developer/usr --with-gxx-include-dir=/usr/include/c++/4.2.1
Apple LLVM version 8.0.0 (clang-800.0.38)
Target: x86_64-apple-darwin16.7.0
Thread model: posix
InstalledDir: /Applications/Xcode.app/Contents/Developer/Toolchains/XcodeDefault.xctoolchain/usr/bin
configure:5574: $? = 0
configure:5563: gcc -V >&5
clang: error: argument to '-V' is missing (expected 1 value)
clang: error: no input files
configure:5574: $? = 1
configure:5563: gcc -qversion >&5
clang: error: unknown argument: '-qversion'
clang: error: no input files
configure:5574: $? = 1
configure:5594: checking whether the C compiler works
configure:5616: gcc    conftest.c  >&5
configure:5620: $? = 0
configure:5668: result: yes
configure:5671: checking for C compiler default output file name
configure:5673: result: a.out
configure:5679: checking for suffix of executables
configure:5686: gcc -o conftest    conftest.c  >&5
configure:5690: $? = 0
configure:5712: result: 
configure:5734: checking whether we are cross compiling
configure:5742: gcc -o conftest    conftest.c  >&5
configure:5746: $? = 0
configure:5753: ./conftest
configure:5757: $? = 0
configure:5772: result: no
configure:5777: checking for suffix of object files
configure:5799: gcc -c   conftest.c >&5
configure:5803: $? = 0
configure:5824: result: o
configure:5828: checking whether we are using the GNU C compiler
configure:5847: gcc -c   conftest.c >&5
configure:5847: $? = 0
configure:5856: result: yes
configure:5865: checking whether gcc accepts -g
configure:5885: gcc -c -g  conftest.c >&5
configure:5885: $? = 0
configure:5926: result: yes
configure:5943: checking for gcc option to accept ISO C89
configure:6006: gcc  -c -g -O2  conftest.c >&5
configure:6006: $? = 0
configure:6019: result: none needed
configure:6044: checking whether gcc understands -c and -o together
configure:6066: gcc -c conftest.c -o conftest2.o
configure:6069: $? = 0
configure:6066: gcc -c conftest.c -o conftest2.o
configure:6069: $? = 0
configure:6081: result: yes
configure:6109: checking for style of include used by make
configure:6137: result: GNU
configure:6163: checking dependency style of gcc
configure:6274: result: gcc3
configure:6348: checking for g++
configure:6364: found /usr/bin/g++
configure:6375: result: g++
configure:6402: checking for C++ compiler version
configure:6411: g++ --version >&5
Apple LLVM version 8.0.0 (clang-800.0.38)
Target: x86_64-apple-darwin16.7.0
Thread model: posix
InstalledDir: /Applications/Xcode.app/Contents/Developer/Toolchains/XcodeDefault.xctoolchain/usr/bin
Configured with: --prefix=/Applications/Xcode.app/Contents/Developer/usr --with-gxx-include-dir=/usr/include/c++/4.2.1
configure:6422: $? = 0
configure:6411: g++ -v >&5
Configured with: --prefix=/Applications/Xcode.app/Contents/Developer/usr --with-gxx-include-dir=/usr/include/c++/4.2.1
Apple LLVM version 8.0.0 (clang-800.0.38)
Target: x86_64-apple-darwin16.7.0
Thread model: posix
InstalledDir: /Applications/Xcode.app/Contents/Developer/Toolchains/XcodeDefault.xctoolchain/usr/bin
configure:6422: $? = 0
configure:6411: g++ -V >&5
clang: error: argument to '-V' is missing (expected 1 value)
clang: error: no input files
configure:6422: $? = 1
configure:6411: g++ -qversion >&5
clang: error: unknown argument: '-qversion'
clang: error: no input files
configure:6422: $? = 1
configure:6426: checking whether we are using the GNU C++ compiler
configure:6445: g++ -c   conftest.cpp >&5
configure:6445: $? = 0
configure:6454: result: yes
configure:6463: checking whether g++ accepts -g
configure:6483: g++ -c -g  conftest.cpp >&5
configure:6483: $? = 0
configure:6524: result: yes
configure:6549: checking dependency style of g++
configure:6660: result: gcc3
configure:6676: checking whether ln -s works
configure:6680: result: yes
configure:6718: checking build system type
configure:6732: result: x86_64-apple-darwin16.7.0
configure:6752: checking host system type
configure:6765: result: x86_64-apple-darwin16.7.0
configure:6806: checking how to print strings
configure:6833: result: printf
configure:6854: checking for a sed that does not truncate output
configure:6918: result: /usr/bin/sed
configure:6936: checking for grep that handles long lines and -e
configure:6994: result: /usr/bin/grep
configure:6999: checking for egrep
configure:7061: result: /usr/bin/grep -E
configure:7066: checking for fgrep
configure:7128: result: /usr/bin/grep -F
configure:7163: checking for ld used by gcc
configure:7230: result: /Applications/Xcode.app/Contents/Developer/Toolchains/XcodeDefault.xctoolchain/usr/bin/ld
configure:7237: checking if the linker (/Applications/Xcode.app/Contents/Developer/Toolchains/XcodeDefault.xctoolchain/usr/bin/ld) is GNU ld
configure:7252: result: no
configure:7264: checking for BSD- or MS-compatible name lister (nm)
configure:7318: result: /usr/bin/nm -B
configure:7448: checking the name lister (/usr/bin/nm -B) interface
configure:7455: gcc -c -g -O2  conftest.c >&5
configure:7458: /usr/bin/nm -B "conftest.o"
configure:7461: output
0000000000000208 S _some_variable
configure:7468: result: BSD nm
configure:7472: checking the maximum length of command line arguments
configure:7603: result: 196608
configure:7651: checking how to convert x86_64-apple-darwin16.7.0 file names to x86_64-apple-darwin16.7.0 format
configure:7691: result: func_convert_file_noop
configure:7698: checking how to convert x86_64-apple-darwin16.7.0 file names to toolchain format
configure:7718: result: func_convert_file_noop
configure:7725: checking for /Applications/Xcode.app/Contents/Developer/Toolchains/XcodeDefault.xctoolchain/usr/bin/ld option to reload object files
configure:7732: result: -r
configure:7806: checking for objdump
configure:7822: found /usr/bin/objdump
configure:7833: result: objdump
configure:7865: checking how to recognize dependent libraries
configure:8065: result: pass_all
configure:8150: checking for dlltool
configure:8180: result: no
configure:8210: checking how to associate runtime and link libraries
configure:8237: result: printf %s\n
configure:8298: checking for ar
configure:8314: found /usr/bin/ar
configure:8325: result: ar
configure:8362: checking for archiver @FILE support
configure:8379: gcc -c -g -O2  conftest.c >&5
configure:8379: $? = 0
configure:8382: ar cru libconftest.a @conftest.lst >&5
ar: @conftest.lst: No such file or directory
configure:8385: $? = 1
configure:8405: result: no
configure:8463: checking for strip
configure:8479: found /usr/bin/strip
configure:8490: result: strip
configure:8562: checking for ranlib
configure:8578: found /usr/bin/ranlib
configure:8589: result: ranlib
configure:8691: checking command to parse /usr/bin/nm -B output from gcc object
configure:8844: gcc -c -g -O2  conftest.c >&5
configure:8847: $? = 0
configure:8851: /usr/bin/nm -B conftest.o \| sed -n -e 's/^.*[ ]\([BCDEGRST][BCDEGRST]*\)[ ][ ]*\([_A-Za-z][_A-Za-z0-9]*\)$/\1 \2 \2/p' | sed '/ __gnu_lto/d' \> conftest.nm
configure:8854: $? = 0
cannot find nm_test_var in conftest.nm
configure:8844: gcc -c -g -O2  conftest.c >&5
configure:8847: $? = 0
configure:8851: /usr/bin/nm -B conftest.o \| sed -n -e 's/^.*[ ]\([BCDEGRST][BCDEGRST]*\)[ ][ ]*_\([_A-Za-z][_A-Za-z0-9]*\)$/\1 _\2 \2/p' | sed '/ __gnu_lto/d' \> conftest.nm
configure:8854: $? = 0
configure:8920: gcc -o conftest -g -O2   conftest.c conftstm.o >&5
warning: (x86_64)  could not find object file symbol for symbol _main
configure:8923: $? = 0
configure:8961: result: ok
configure:9008: checking for sysroot
configure:9038: result: no
configure:9045: checking for a working dd
configure:9083: result: /bin/dd
configure:9087: checking how to truncate binary pipes
configure:9102: result: /bin/dd bs=4096 count=1
configure:9431: checking for mt
configure:9461: result: no
configure:9481: checking if : is a manifest tool
configure:9487: : '-?'
configure:9495: result: no
configure:9551: checking for dsymutil
configure:9567: found /usr/bin/dsymutil
configure:9578: result: dsymutil
configure:9643: checking for nmedit
configure:9659: found /usr/bin/nmedit
configure:9670: result: nmedit
configure:9735: checking for lipo
configure:9751: found /usr/bin/lipo
configure:9762: result: lipo
configure:9827: checking for otool
configure:9843: found /usr/bin/otool
configure:9854: result: otool
configure:9919: checking for otool64
configure:9949: result: no
configure:9994: checking for -single_module linker flag
gcc -g -O2  -o libconftest.dylib -dynamiclib -Wl,-single_module conftest.c
configure:10027: result: yes
configure:10030: checking for -exported_symbols_list linker flag
configure:10050: gcc -o conftest -g -O2   -Wl,-exported_symbols_list,conftest.sym conftest.c  >&5
configure:10050: $? = 0
configure:10060: result: yes
configure:10063: checking for -force_load linker flag
gcc -g -O2 -c -o conftest.o conftest.c
ar cru libconftest.a conftest.o
ranlib libconftest.a
gcc -g -O2  -o conftest conftest.c -Wl,-force_load,./libconftest.a
configure:10095: result: yes
configure:10172: checking how to run the C preprocessor
configure:10203: gcc -E  conftest.c
configure:10203: $? = 0
configure:10217: gcc -E  conftest.c
conftest.c:13:10: fatal error: 'ac_nonexistent.h' file not found
#include <ac_nonexistent.h>
         ^
1 error generated.
configure:10217: $? = 1
configure: failed program was:
| /* confdefs.h */
| #define PACKAGE_NAME "zookeeper C client"
| #define PACKAGE_TARNAME "zookeeper"
| #define PACKAGE_VERSION "3.5.3"
| #define PACKAGE_STRING "zookeeper C client 3.5.3"
| #define PACKAGE_BUGREPORT "user@zookeeper.apache.org"
| #define PACKAGE_URL ""
| #define PACKAGE "zookeeper"
| #define VERSION "3.5.3"
| #define HAVE_GENERATED_ZOOKEEPER_JUTE_C 1
| #define HAVE_GENERATED_ZOOKEEPER_JUTE_H 1
| /* end confdefs.h.  */
| #include <ac_nonexistent.h>
configure:10242: result: gcc -E
configure:10262: gcc -E  conftest.c
configure:10262: $? = 0
configure:10276: gcc -E  conftest.c
conftest.c:13:10: fatal error: 'ac_nonexistent.h' file not found
#include <ac_nonexistent.h>
         ^
1 error generated.
configure:10276: $? = 1
configure: failed program was:
| /* confdefs.h */
| #define PACKAGE_NAME "zookeeper C client"
| #define PACKAGE_TARNAME "zookeeper"
| #define PACKAGE_VERSION "3.5.3"
| #define PACKAGE_STRING "zookeeper C client 3.5.3"
| #define PACKAGE_BUGREPORT "user@zookeeper.apache.org"
| #define PACKAGE_URL ""
| #define PACKAGE "zookeeper"
| #define VERSION "3.5.3"
| #define HAVE_GENERATED_ZOOKEEPER_JUTE_C 1
| #define HAVE_GENERATED_ZOOKEEPER_JUTE_H 1
| /* end confdefs.h.  */
| #include <ac_nonexistent.h>
configure:10305: checking for ANSI C header files
configure:10325: gcc -c -g -O2  conftest.c >&5
configure:10325: $? = 0
configure:10398: gcc -o conftest -g -O2   conftest.c  >&5
configure:10398: $? = 0
configure:10398: ./conftest
configure:10398: $? = 0
configure:10409: result: yes
configure:10422: checking for sys/types.h
configure:10422: gcc -c -g -O2  conftest.c >&5
configure:10422: $? = 0
configure:10422: result: yes
configure:10422: checking for sys/stat.h
configure:10422: gcc -c -g -O2  conftest.c >&5
configure:10422: $? = 0
configure:10422: result: yes
configure:10422: checking for stdlib.h
configure:10422: gcc -c -g -O2  conftest.c >&5
configure:10422: $? = 0
configure:10422: result: yes
configure:10422: checking for string.h
configure:10422: gcc -c -g -O2  conftest.c >&5
configure:10422: $? = 0
configure:10422: result: yes
configure:10422: checking for memory.h
configure:10422: gcc -c -g -O2  conftest.c >&5
configure:10422: $? = 0
configure:10422: result: yes
configure:10422: checking for strings.h
configure:10422: gcc -c -g -O2  conftest.c >&5
configure:10422: $? = 0
configure:10422: result: yes
configure:10422: checking for inttypes.h
configure:10422: gcc -c -g -O2  conftest.c >&5
configure:10422: $? = 0
configure:10422: result: yes
configure:10422: checking for stdint.h
configure:10422: gcc -c -g -O2  conftest.c >&5
configure:10422: $? = 0
configure:10422: result: yes
configure:10422: checking for unistd.h
configure:10422: gcc -c -g -O2  conftest.c >&5
configure:10422: $? = 0
configure:10422: result: yes
configure:10436: checking for dlfcn.h
configure:10436: gcc -c -g -O2  conftest.c >&5
configure:10436: $? = 0
configure:10436: result: yes
configure:10703: checking for objdir
configure:10718: result: .libs
configure:10978: checking if gcc supports -fno-rtti -fno-exceptions
configure:10996: gcc -c -g -O2  -fno-rtti -fno-exceptions conftest.c >&5
configure:11000: $? = 0
configure:11013: result: yes
configure:11371: checking for gcc option to produce PIC
configure:11378: result: -fno-common -DPIC
configure:11386: checking if gcc PIC flag -fno-common -DPIC works
configure:11404: gcc -c -g -O2  -fno-common -DPIC -DPIC conftest.c >&5
configure:11408: $? = 0
configure:11421: result: yes
configure:11450: checking if gcc static flag -static works
configure:11478: result: no
configure:11493: checking if gcc supports -c -o file.o
configure:11514: gcc -c -g -O2  -o out/conftest2.o conftest.c >&5
configure:11518: $? = 0
configure:11540: result: yes
configure:11548: checking if gcc supports -c -o file.o
configure:11595: result: yes
configure:11628: checking whether the gcc linker (/Applications/Xcode.app/Contents/Developer/Toolchains/XcodeDefault.xctoolchain/usr/bin/ld) supports shared libraries
configure:12887: result: yes
configure:13127: checking dynamic linker characteristics
configure:13945: result: darwin16.7.0 dyld
configure:14067: checking how to hardcode library paths into programs
configure:14092: result: immediate
configure:14640: checking whether stripping libraries is possible
configure:14654: result: yes
configure:14680: checking if libtool supports shared libraries
configure:14682: result: yes
configure:14685: checking whether to build shared libraries
configure:14710: result: yes
configure:14713: checking whether to build static libraries
configure:14717: result: yes
configure:14740: checking how to run the C++ preprocessor
configure:14767: g++ -E  conftest.cpp
configure:14767: $? = 0
configure:14781: g++ -E  conftest.cpp
conftest.cpp:25:10: fatal error: 'ac_nonexistent.h' file not found
#include <ac_nonexistent.h>
         ^
1 error generated.
configure:14781: $? = 1
configure: failed program was:
| /* confdefs.h */
| #define PACKAGE_NAME "zookeeper C client"
| #define PACKAGE_TARNAME "zookeeper"
| #define PACKAGE_VERSION "3.5.3"
| #define PACKAGE_STRING "zookeeper C client 3.5.3"
| #define PACKAGE_BUGREPORT "user@zookeeper.apache.org"
| #define PACKAGE_URL ""
| #define PACKAGE "zookeeper"
| #define VERSION "3.5.3"
| #define HAVE_GENERATED_ZOOKEEPER_JUTE_C 1
| #define HAVE_GENERATED_ZOOKEEPER_JUTE_H 1
| #define STDC_HEADERS 1
| #define HAVE_SYS_TYPES_H 1
| #define HAVE_SYS_STAT_H 1
| #define HAVE_STDLIB_H 1
| #define HAVE_STRING_H 1
| #define HAVE_MEMORY_H 1
| #define HAVE_STRINGS_H 1
| #define HAVE_INTTYPES_H 1
| #define HAVE_STDINT_H 1
| #define HAVE_UNISTD_H 1
| #define HAVE_DLFCN_H 1
| #define LT_OBJDIR ".libs/"
| /* end confdefs.h.  */
| #include <ac_nonexistent.h>
configure:14806: result: g++ -E
configure:14826: g++ -E  conftest.cpp
configure:14826: $? = 0
configure:14840: g++ -E  conftest.cpp
conftest.cpp:25:10: fatal error: 'ac_nonexistent.h' file not found
#include <ac_nonexistent.h>
         ^
1 error generated.
configure:14840: $? = 1
configure: failed program was:
| /* confdefs.h */
| #define PACKAGE_NAME "zookeeper C client"
| #define PACKAGE_TARNAME "zookeeper"
| #define PACKAGE_VERSION "3.5.3"
| #define PACKAGE_STRING "zookeeper C client 3.5.3"
| #define PACKAGE_BUGREPORT "user@zookeeper.apache.org"
| #define PACKAGE_URL ""
| #define PACKAGE "zookeeper"
| #define VERSION "3.5.3"
| #define HAVE_GENERATED_ZOOKEEPER_JUTE_C 1
| #define HAVE_GENERATED_ZOOKEEPER_JUTE_H 1
| #define STDC_HEADERS 1
| #define HAVE_SYS_TYPES_H 1
| #define HAVE_SYS_STAT_H 1
| #define HAVE_STDLIB_H 1
| #define HAVE_STRING_H 1
| #define HAVE_MEMORY_H 1
| #define HAVE_STRINGS_H 1
| #define HAVE_INTTYPES_H 1
| #define HAVE_STDINT_H 1
| #define HAVE_UNISTD_H 1
| #define HAVE_DLFCN_H 1
| #define LT_OBJDIR ".libs/"
| /* end confdefs.h.  */
| #include <ac_nonexistent.h>
configure:15002: checking for ld used by g++
configure:15069: result: /Applications/Xcode.app/Contents/Developer/Toolchains/XcodeDefault.xctoolchain/usr/bin/ld
configure:15076: checking if the linker (/Applications/Xcode.app/Contents/Developer/Toolchains/XcodeDefault.xctoolchain/usr/bin/ld) is GNU ld
configure:15091: result: no
configure:15146: checking whether the g++ linker (/Applications/Xcode.app/Contents/Developer/Toolchains/XcodeDefault.xctoolchain/usr/bin/ld) supports shared libraries
configure:16219: result: yes
configure:16255: g++ -c -g -O2  conftest.cpp >&5
configure:16258: $? = 0
configure:16739: checking for g++ option to produce PIC
configure:16746: result: -fno-common -DPIC
configure:16754: checking if g++ PIC flag -fno-common -DPIC works
configure:16772: g++ -c -g -O2  -fno-common -DPIC -DPIC conftest.cpp >&5
configure:16776: $? = 0
configure:16789: result: yes
configure:16812: checking if g++ static flag -static works
configure:16840: result: no
configure:16852: checking if g++ supports -c -o file.o
configure:16873: g++ -c -g -O2  -o out/conftest2.o conftest.cpp >&5
configure:16877: $? = 0
configure:16899: result: yes
configure:16904: checking if g++ supports -c -o file.o
configure:16951: result: yes
configure:16981: checking whether the g++ linker (/Applications/Xcode.app/Contents/Developer/Toolchains/XcodeDefault.xctoolchain/usr/bin/ld) supports shared libraries
configure:17021: result: yes
configure:17162: checking dynamic linker characteristics
configure:17907: result: darwin16.7.0 dyld
configure:17972: checking how to hardcode library paths into programs
configure:17997: result: immediate
configure:18103: checking for pthread_mutex_lock in -lpthread
configure:18128: gcc -o conftest -g -O2 -D_GNU_SOURCE   conftest.c -lpthread   >&5
configure:18128: $? = 0
configure:18137: result: yes
configure:18152: building with SyncAPI support
configure:18169: checking for ANSI C header files
configure:18273: result: yes
configure:18284: checking arpa/inet.h usability
configure:18284: gcc -c -g -O2 -D_GNU_SOURCE  conftest.c >&5
configure:18284: $? = 0
configure:18284: result: yes
configure:18284: checking arpa/inet.h presence
configure:18284: gcc -E  conftest.c
configure:18284: $? = 0
configure:18284: result: yes
configure:18284: checking for arpa/inet.h
configure:18284: result: yes
configure:18284: checking fcntl.h usability
configure:18284: gcc -c -g -O2 -D_GNU_SOURCE  conftest.c >&5
configure:18284: $? = 0
configure:18284: result: yes
configure:18284: checking fcntl.h presence
configure:18284: gcc -E  conftest.c
configure:18284: $? = 0
configure:18284: result: yes
configure:18284: checking for fcntl.h
configure:18284: result: yes
configure:18284: checking netdb.h usability
configure:18284: gcc -c -g -O2 -D_GNU_SOURCE  conftest.c >&5
configure:18284: $? = 0
configure:18284: result: yes
configure:18284: checking netdb.h presence
configure:18284: gcc -E  conftest.c
configure:18284: $? = 0
configure:18284: result: yes
configure:18284: checking for netdb.h
configure:18284: result: yes
configure:18284: checking netinet/in.h usability
configure:18284: gcc -c -g -O2 -D_GNU_SOURCE  conftest.c >&5
configure:18284: $? = 0
configure:18284: result: yes
configure:18284: checking netinet/in.h presence
configure:18284: gcc -E  conftest.c
configure:18284: $? = 0
configure:18284: result: yes
configure:18284: checking for netinet/in.h
configure:18284: result: yes
configure:18284: checking for stdlib.h
configure:18284: result: yes
configure:18284: checking for string.h
configure:18284: result: yes
configure:18284: checking sys/socket.h usability
configure:18284: gcc -c -g -O2 -D_GNU_SOURCE  conftest.c >&5
configure:18284: $? = 0
configure:18284: result: yes
configure:18284: checking sys/socket.h presence
configure:18284: gcc -E  conftest.c
configure:18284: $? = 0
configure:18284: result: yes
configure:18284: checking for sys/socket.h
configure:18284: result: yes
configure:18284: checking sys/time.h usability
configure:18284: gcc -c -g -O2 -D_GNU_SOURCE  conftest.c >&5
configure:18284: $? = 0
configure:18284: result: yes
configure:18284: checking sys/time.h presence
configure:18284: gcc -E  conftest.c
configure:18284: $? = 0
configure:18284: result: yes
configure:18284: checking for sys/time.h
configure:18284: result: yes
configure:18284: checking for unistd.h
configure:18284: result: yes
configure:18284: checking sys/utsname.h usability
configure:18284: gcc -c -g -O2 -D_GNU_SOURCE  conftest.c >&5
configure:18284: $? = 0
configure:18284: result: yes
configure:18284: checking sys/utsname.h presence
configure:18284: gcc -E  conftest.c
configure:18284: $? = 0
configure:18284: result: yes
configure:18284: checking for sys/utsname.h
configure:18284: result: yes
configure:18296: checking for an ANSI C-conforming const
configure:18362: gcc -c -g -O2 -D_GNU_SOURCE  conftest.c >&5
configure:18362: $? = 0
configure:18369: result: yes
configure:18377: checking for inline
configure:18393: gcc -c -g -O2 -D_GNU_SOURCE  conftest.c >&5
configure:18393: $? = 0
configure:18401: result: inline
configure:18419: checking whether time.h and sys/time.h may both be included
configure:18439: gcc -c -g -O2 -D_GNU_SOURCE  conftest.c >&5
configure:18439: $? = 0
configure:18446: result: yes
configure:18454: checking for nfds_t
configure:18454: gcc -c -g -O2 -D_GNU_SOURCE  conftest.c >&5
configure:18454: $? = 0
configure:18454: gcc -c -g -O2 -D_GNU_SOURCE  conftest.c >&5
conftest.c:42:21: error: expected expression
if (sizeof ((nfds_t)))
                    ^
1 error generated.
configure:18454: $? = 1
configure: failed program was:
| /* confdefs.h */
| #define PACKAGE_NAME "zookeeper C client"
| #define PACKAGE_TARNAME "zookeeper"
| #define PACKAGE_VERSION "3.5.3"
| #define PACKAGE_STRING "zookeeper C client 3.5.3"
| #define PACKAGE_BUGREPORT "user@zookeeper.apache.org"
| #define PACKAGE_URL ""
| #define PACKAGE "zookeeper"
| #define VERSION "3.5.3"
| #define HAVE_GENERATED_ZOOKEEPER_JUTE_C 1
| #define HAVE_GENERATED_ZOOKEEPER_JUTE_H 1
| #define STDC_HEADERS 1
| #define HAVE_SYS_TYPES_H 1
| #define HAVE_SYS_STAT_H 1
| #define HAVE_STDLIB_H 1
| #define HAVE_STRING_H 1
| #define HAVE_MEMORY_H 1
| #define HAVE_STRINGS_H 1
| #define HAVE_INTTYPES_H 1
| #define HAVE_STDINT_H 1
| #define HAVE_UNISTD_H 1
| #define HAVE_DLFCN_H 1
| #define LT_OBJDIR ".libs/"
| #define STDC_HEADERS 1
| #define HAVE_ARPA_INET_H 1
| #define HAVE_FCNTL_H 1
| #define HAVE_NETDB_H 1
| #define HAVE_NETINET_IN_H 1
| #define HAVE_STDLIB_H 1
| #define HAVE_STRING_H 1
| #define HAVE_SYS_SOCKET_H 1
| #define HAVE_SYS_TIME_H 1
| #define HAVE_UNISTD_H 1
| #define HAVE_SYS_UTSNAME_H 1
| #define TIME_WITH_SYS_TIME 1
| /* end confdefs.h.  */
| #include <poll.h>
| 
| int
| main ()
| {
| if (sizeof ((nfds_t)))
| 	    return 0;
|   ;
|   return 0;
| }
configure:18454: result: yes
configure:18467: checking whether to enable ipv6
configure:18489: gcc -o conftest -g -O2 -D_GNU_SOURCE   conftest.c  >&5
conftest.c:41:1: warning: type specifier missing, defaults to 'int' [-Wimplicit-int]
main()
^
conftest.c:44:4: warning: implicitly declaring library function 'exit' with type 'void (int) __attribute__((noreturn))' [-Wimplicit-function-declaration]
   exit(1);
   ^
conftest.c:44:4: note: include the header <stdlib.h> or explicitly provide a declaration for 'exit'
2 warnings generated.
configure:18489: $? = 0
configure:18489: ./conftest
configure:18489: $? = 0
configure:18490: result: yes
configure:18511: checking for clock_gettime in -lrt
configure:18536: gcc -o conftest -g -O2 -D_GNU_SOURCE   conftest.c -lrt   >&5
ld: library not found for -lrt
clang: error: linker command failed with exit code 1 (use -v to see invocation)
configure:18536: $? = 1
configure: failed program was:
| /* confdefs.h */
| #define PACKAGE_NAME "zookeeper C client"
| #define PACKAGE_TARNAME "zookeeper"
| #define PACKAGE_VERSION "3.5.3"
| #define PACKAGE_STRING "zookeeper C client 3.5.3"
| #define PACKAGE_BUGREPORT "user@zookeeper.apache.org"
| #define PACKAGE_URL ""
| #define PACKAGE "zookeeper"
| #define VERSION "3.5.3"
| #define HAVE_GENERATED_ZOOKEEPER_JUTE_C 1
| #define HAVE_GENERATED_ZOOKEEPER_JUTE_H 1
| #define STDC_HEADERS 1
| #define HAVE_SYS_TYPES_H 1
| #define HAVE_SYS_STAT_H 1
| #define HAVE_STDLIB_H 1
| #define HAVE_STRING_H 1
| #define HAVE_MEMORY_H 1
| #define HAVE_STRINGS_H 1
| #define HAVE_INTTYPES_H 1
| #define HAVE_STDINT_H 1
| #define HAVE_UNISTD_H 1
| #define HAVE_DLFCN_H 1
| #define LT_OBJDIR ".libs/"
| #define STDC_HEADERS 1
| #define HAVE_ARPA_INET_H 1
| #define HAVE_FCNTL_H 1
| #define HAVE_NETDB_H 1
| #define HAVE_NETINET_IN_H 1
| #define HAVE_STDLIB_H 1
| #define HAVE_STRING_H 1
| #define HAVE_SYS_SOCKET_H 1
| #define HAVE_SYS_TIME_H 1
| #define HAVE_UNISTD_H 1
| #define HAVE_SYS_UTSNAME_H 1
| #define TIME_WITH_SYS_TIME 1
| #define POLL_NFDS_TYPE nfds_t
| /* end confdefs.h.  */
| 
| /* Override any GCC internal prototype to avoid an error.
|    Use char because int might match the return type of a GCC
|    builtin and then its argument prototype would still apply.  */
| #ifdef __cplusplus
| extern "C"
| #endif
| char clock_gettime ();
| int
| main ()
| {
| return clock_gettime ();
|   ;
|   return 0;
| }
configure:18545: result: no
configure:18564: checking for getcwd
configure:18564: gcc -o conftest -g -O2 -D_GNU_SOURCE   conftest.c  >&5
configure:18564: $? = 0
configure:18564: result: yes
configure:18564: checking for gethostbyname
configure:18564: gcc -o conftest -g -O2 -D_GNU_SOURCE   conftest.c  >&5
configure:18564: $? = 0
configure:18564: result: yes
configure:18564: checking for gethostname
configure:18564: gcc -o conftest -g -O2 -D_GNU_SOURCE   conftest.c  >&5
configure:18564: $? = 0
configure:18564: result: yes
configure:18564: checking for getlogin
configure:18564: gcc -o conftest -g -O2 -D_GNU_SOURCE   conftest.c  >&5
configure:18564: $? = 0
configure:18564: result: yes
configure:18564: checking for getpwuid_r
configure:18564: gcc -o conftest -g -O2 -D_GNU_SOURCE   conftest.c  >&5
configure:18564: $? = 0
configure:18564: result: yes
configure:18564: checking for gettimeofday
configure:18564: gcc -o conftest -g -O2 -D_GNU_SOURCE   conftest.c  >&5
configure:18564: $? = 0
configure:18564: result: yes
configure:18564: checking for getuid
configure:18564: gcc -o conftest -g -O2 -D_GNU_SOURCE   conftest.c  >&5
configure:18564: $? = 0
configure:18564: result: yes
configure:18564: checking for memmove
configure:18564: gcc -o conftest -g -O2 -D_GNU_SOURCE   conftest.c  >&5
conftest.c:68:6: warning: incompatible redeclaration of library function 'memmove' [-Wincompatible-library-redeclaration]
char memmove ();
     ^
conftest.c:68:6: note: 'memmove' is a builtin with type 'void *(void *, const void *, unsigned long)'
1 warning generated.
configure:18564: $? = 0
configure:18564: result: yes
configure:18564: checking for memset
configure:18564: gcc -o conftest -g -O2 -D_GNU_SOURCE   conftest.c  >&5
conftest.c:69:6: warning: incompatible redeclaration of library function 'memset' [-Wincompatible-library-redeclaration]
char memset ();
     ^
conftest.c:69:6: note: 'memset' is a builtin with type 'void *(void *, int, unsigned long)'
1 warning generated.
configure:18564: $? = 0
configure:18564: result: yes
configure:18564: checking for poll
configure:18564: gcc -o conftest -g -O2 -D_GNU_SOURCE   conftest.c  >&5
configure:18564: $? = 0
configure:18564: result: yes
configure:18564: checking for socket
configure:18564: gcc -o conftest -g -O2 -D_GNU_SOURCE   conftest.c  >&5
configure:18564: $? = 0
configure:18564: result: yes
configure:18564: checking for strchr
configure:18564: gcc -o conftest -g -O2 -D_GNU_SOURCE   conftest.c  >&5
conftest.c:72:6: warning: incompatible redeclaration of library function 'strchr' [-Wincompatible-library-redeclaration]
char strchr ();
     ^
conftest.c:72:6: note: 'strchr' is a builtin with type 'char *(const char *, int)'
1 warning generated.
configure:18564: $? = 0
configure:18564: result: yes
configure:18564: checking for strdup
configure:18564: gcc -o conftest -g -O2 -D_GNU_SOURCE   conftest.c  >&5
conftest.c:73:6: warning: incompatible redeclaration of library function 'strdup' [-Wincompatible-library-redeclaration]
char strdup ();
     ^
conftest.c:73:6: note: 'strdup' is a builtin with type 'char *(const char *)'
1 warning generated.
configure:18564: $? = 0
configure:18564: result: yes
configure:18564: checking for strerror
configure:18564: gcc -o conftest -g -O2 -D_GNU_SOURCE   conftest.c  >&5
conftest.c:74:6: warning: incompatible redeclaration of library function 'strerror' [-Wincompatible-library-redeclaration]
char strerror ();
     ^
conftest.c:74:6: note: 'strerror' is a builtin with type 'char *(int)'
1 warning generated.
configure:18564: $? = 0
configure:18564: result: yes
configure:18564: checking for strtol
configure:18564: gcc -o conftest -g -O2 -D_GNU_SOURCE   conftest.c  >&5
configure:18564: $? = 0
configure:18564: result: yes
configure:18790: checking that generated files are newer than configure
configure:18796: result: done
configure:18831: creating ./config.status

## ---------------------- ##
## Running config.status. ##
## ---------------------- ##

This file was extended by zookeeper C client config.status 3.5.3, which was
generated by GNU Autoconf 2.69.  Invocation command line was

  CONFIG_FILES    = 
  CONFIG_HEADERS  = 
  CONFIG_LINKS    = 
  CONFIG_COMMANDS = 
  $ ./config.status 

on tw-mbp-cbhavanasi

config.status:1229: creating Makefile
config.status:1229: creating config.h
config.status:1458: executing depfiles commands
config.status:1458: executing libtool commands

## ---------------- ##
## Cache variables. ##
## ---------------- ##

ac_cv_build=x86_64-apple-darwin16.7.0
ac_cv_c_compiler_gnu=yes
ac_cv_c_const=yes
ac_cv_c_inline=inline
ac_cv_cxx_compiler_gnu=yes
ac_cv_env_CCC_set=
ac_cv_env_CCC_value=
ac_cv_env_CC_set=
ac_cv_env_CC_value=
ac_cv_env_CFLAGS_set=
ac_cv_env_CFLAGS_value=
ac_cv_env_CPPFLAGS_set=
ac_cv_env_CPPFLAGS_value=
ac_cv_env_CPP_set=
ac_cv_env_CPP_value=
ac_cv_env_CXXCPP_set=
ac_cv_env_CXXCPP_value=
ac_cv_env_CXXFLAGS_set=
ac_cv_env_CXXFLAGS_value=
ac_cv_env_CXX_set=
ac_cv_env_CXX_value=
ac_cv_env_DOXYGEN_PAPER_SIZE_set=
ac_cv_env_DOXYGEN_PAPER_SIZE_value=
ac_cv_env_LDFLAGS_set=
ac_cv_env_LDFLAGS_value=
ac_cv_env_LIBS_set=
ac_cv_env_LIBS_value=
ac_cv_env_LT_SYS_LIBRARY_PATH_set=
ac_cv_env_LT_SYS_LIBRARY_PATH_value=
ac_cv_env_build_alias_set=
ac_cv_env_build_alias_value=
ac_cv_env_host_alias_set=
ac_cv_env_host_alias_value=
ac_cv_env_target_alias_set=
ac_cv_env_target_alias_value=
ac_cv_file_generated_zookeeper_jute_c=yes
ac_cv_file_generated_zookeeper_jute_h=yes
ac_cv_func_getcwd=yes
ac_cv_func_gethostbyname=yes
ac_cv_func_gethostname=yes
ac_cv_func_getlogin=yes
ac_cv_func_getpwuid_r=yes
ac_cv_func_gettimeofday=yes
ac_cv_func_getuid=yes
ac_cv_func_memmove=yes
ac_cv_func_memset=yes
ac_cv_func_poll=yes
ac_cv_func_socket=yes
ac_cv_func_strchr=yes
ac_cv_func_strdup=yes
ac_cv_func_strerror=yes
ac_cv_func_strtol=yes
ac_cv_header_arpa_inet_h=yes
ac_cv_header_dlfcn_h=yes
ac_cv_header_fcntl_h=yes
ac_cv_header_inttypes_h=yes
ac_cv_header_memory_h=yes
ac_cv_header_netdb_h=yes
ac_cv_header_netinet_in_h=yes
ac_cv_header_stdc=yes
ac_cv_header_stdint_h=yes
ac_cv_header_stdlib_h=yes
ac_cv_header_string_h=yes
ac_cv_header_strings_h=yes
ac_cv_header_sys_socket_h=yes
ac_cv_header_sys_stat_h=yes
ac_cv_header_sys_time_h=yes
ac_cv_header_sys_types_h=yes
ac_cv_header_sys_utsname_h=yes
ac_cv_header_time=yes
ac_cv_header_unistd_h=yes
ac_cv_host=x86_64-apple-darwin16.7.0
ac_cv_lib_pthread_pthread_mutex_lock=yes
ac_cv_lib_rt_clock_gettime=no
ac_cv_objext=o
ac_cv_path_CPPUNIT_CONFIG=no
ac_cv_path_EGREP='/usr/bin/grep -E'
ac_cv_path_FGREP='/usr/bin/grep -F'
ac_cv_path_GREP=/usr/bin/grep
ac_cv_path_SED=/usr/bin/sed
ac_cv_path_ac_pt_DX_DOT=/opt/twitter_mde/homebrew_minimal/mde_bin/dot
ac_cv_path_ac_pt_DX_PERL=/usr/bin/perl
ac_cv_path_install='/usr/bin/install -c'
ac_cv_path_lt_DD=/bin/dd
ac_cv_prog_AWK=awk
ac_cv_prog_CPP='gcc -E'
ac_cv_prog_CXXCPP='g++ -E'
ac_cv_prog_ac_ct_AR=ar
ac_cv_prog_ac_ct_CC=gcc
ac_cv_prog_ac_ct_CXX=g++
ac_cv_prog_ac_ct_DSYMUTIL=dsymutil
ac_cv_prog_ac_ct_LIPO=lipo
ac_cv_prog_ac_ct_NMEDIT=nmedit
ac_cv_prog_ac_ct_OBJDUMP=objdump
ac_cv_prog_ac_ct_OTOOL=otool
ac_cv_prog_ac_ct_RANLIB=ranlib
ac_cv_prog_ac_ct_STRIP=strip
ac_cv_prog_cc_c89=
ac_cv_prog_cc_g=yes
ac_cv_prog_cxx_g=yes
ac_cv_prog_make_make_set=yes
ac_cv_type_nfds_t=yes
am_cv_CC_dependencies_compiler_type=gcc3
am_cv_CXX_dependencies_compiler_type=gcc3
am_cv_make_support_nested_variables=yes
am_cv_prog_cc_c_o=yes
lt_cv_apple_cc_single_mod=yes
lt_cv_ar_at_file=no
lt_cv_deplibs_check_method=pass_all
lt_cv_file_magic_cmd='$MAGIC_CMD'
lt_cv_file_magic_test_file=
lt_cv_ld_exported_symbols_list=yes
lt_cv_ld_force_load=yes
lt_cv_ld_reload_flag=-r
lt_cv_nm_interface='BSD nm'
lt_cv_objdir=.libs
lt_cv_path_LD=/Applications/Xcode.app/Contents/Developer/Toolchains/XcodeDefault.xctoolchain/usr/bin/ld
lt_cv_path_LDCXX=/Applications/Xcode.app/Contents/Developer/Toolchains/XcodeDefault.xctoolchain/usr/bin/ld
lt_cv_path_NM='/usr/bin/nm -B'
lt_cv_path_mainfest_tool=no
lt_cv_prog_compiler_c_o=yes
lt_cv_prog_compiler_c_o_CXX=yes
lt_cv_prog_compiler_pic='-fno-common -DPIC'
lt_cv_prog_compiler_pic_CXX='-fno-common -DPIC'
lt_cv_prog_compiler_pic_works=yes
lt_cv_prog_compiler_pic_works_CXX=yes
lt_cv_prog_compiler_rtti_exceptions=yes
lt_cv_prog_compiler_static_works=no
lt_cv_prog_compiler_static_works_CXX=no
lt_cv_prog_gnu_ld=no
lt_cv_prog_gnu_ldcxx=no
lt_cv_sharedlib_from_linklib_cmd='printf %s\n'
lt_cv_sys_global_symbol_pipe='sed -n -e '\''s/^.*[	 ]\([BCDEGRST][BCDEGRST]*\)[	 ][	 ]*_\([_A-Za-z][_A-Za-z0-9]*\)$/\1 _\2 \2/p'\'' | sed '\''/ __gnu_lto/d'\'''
lt_cv_sys_global_symbol_to_c_name_address='sed -n -e '\''s/^: \(.*\) .*$/  {"\1", (void *) 0},/p'\'' -e '\''s/^[BCDEGRST][BCDEGRST]* .* \(.*\)$/  {"\1", (void *) \&\1},/p'\'''
lt_cv_sys_global_symbol_to_c_name_address_lib_prefix='sed -n -e '\''s/^: \(.*\) .*$/  {"\1", (void *) 0},/p'\'' -e '\''s/^[BCDEGRST][BCDEGRST]* .* \(lib.*\)$/  {"\1", (void *) \&\1},/p'\'' -e '\''s/^[BCDEGRST][BCDEGRST]* .* \(.*\)$/  {"lib\1", (void *) \&\1},/p'\'''
lt_cv_sys_global_symbol_to_cdecl='sed -n -e '\''s/^T .* \(.*\)$/extern int \1();/p'\'' -e '\''s/^[BCDEGRST][BCDEGRST]* .* \(.*\)$/extern char \1;/p'\'''
lt_cv_sys_global_symbol_to_import=
lt_cv_sys_max_cmd_len=196608
lt_cv_to_host_file_cmd=func_convert_file_noop
lt_cv_to_tool_file_cmd=func_convert_file_noop
lt_cv_truncate_bin='/bin/dd bs=4096 count=1'

## ----------------- ##
## Output variables. ##
## ----------------- ##

ACLOCAL='${SHELL} /Users/cbhavanasi/Downloads/zc-zookeeper-static-master/c/missing aclocal-1.15'
AMDEPBACKSLASH='\'
AMDEP_FALSE='#'
AMDEP_TRUE=''
AMTAR='$${TAR-tar}'
AM_BACKSLASH='\'
AM_DEFAULT_V='$(AM_DEFAULT_VERBOSITY)'
AM_DEFAULT_VERBOSITY='1'
AM_V='$(V)'
AR='ar'
AUTOCONF='${SHELL} /Users/cbhavanasi/Downloads/zc-zookeeper-static-master/c/missing autoconf'
AUTOHEADER='${SHELL} /Users/cbhavanasi/Downloads/zc-zookeeper-static-master/c/missing autoheader'
AUTOMAKE='${SHELL} /Users/cbhavanasi/Downloads/zc-zookeeper-static-master/c/missing automake-1.15'
AWK='awk'
CC='gcc'
CCDEPMODE='depmode=gcc3'
CFLAGS='-g -O2 -D_GNU_SOURCE'
CLOCK_GETTIME_LIBS=''
CPP='gcc -E'
CPPFLAGS=''
CPPUNIT_CFLAGS=' -DZKSERVER_CMD="\"./tests/zkServer.sh\""'
CPPUNIT_CONFIG='no'
CPPUNIT_LIBS=''
CXX='g++'
CXXCPP='g++ -E'
CXXDEPMODE='depmode=gcc3'
CXXFLAGS='-g -O2'
CYGPATH_W='echo'
DEFS='-DHAVE_CONFIG_H'
DEPDIR='.deps'
DLLTOOL='false'
DOXYGEN_PAPER_SIZE=''
DSYMUTIL='dsymutil'
DUMPBIN=''
DX_COND_chi_FALSE=''
DX_COND_chi_TRUE='#'
DX_COND_chm_FALSE=''
DX_COND_chm_TRUE='#'
DX_COND_doc_FALSE='#'
DX_COND_doc_TRUE=''
DX_COND_dot_FALSE='#'
DX_COND_dot_TRUE=''
DX_COND_html_FALSE='#'
DX_COND_html_TRUE=''
DX_COND_latex_FALSE=''
DX_COND_latex_TRUE='#'
DX_COND_man_FALSE=''
DX_COND_man_TRUE='#'
DX_COND_pdf_FALSE=''
DX_COND_pdf_TRUE='#'
DX_COND_ps_FALSE=''
DX_COND_ps_TRUE='#'
DX_COND_rtf_FALSE=''
DX_COND_rtf_TRUE='#'
DX_COND_xml_FALSE=''
DX_COND_xml_TRUE='#'
DX_CONFIG='c-doc.Doxyfile'
DX_DOCDIR='docs'
DX_DOT='/opt/twitter_mde/homebrew_minimal/mde_bin/dot'
DX_DOXYGEN=''
DX_DVIPS=''
DX_EGREP=''
DX_ENV=' SRCDIR='\''.'\'' PROJECT='\''zookeeper'\'' DOCDIR='\''docs'\'' VERSION='\''3.5.3'\'' PERL_PATH='\''/usr/bin/perl'\'' HAVE_DOT='\''YES'\'' DOT_PATH='\''/opt/twitter_mde/homebrew_minimal/mde_bin'\'' GENERATE_MAN='\''NO'\'' GENERATE_RTF='\''NO'\'' GENERATE_XML='\''NO'\'' GENERATE_HTMLHELP='\''NO'\'' GENERATE_CHI='\''NO'\'' GENERATE_HTML='\''YES'\'' GENERATE_LATEX='\''NO'\'''
DX_FLAG_chi='0'
DX_FLAG_chm='0'
DX_FLAG_doc='1'
DX_FLAG_dot='1'
DX_FLAG_html='1'
DX_FLAG_man='0'
DX_FLAG_pdf='0'
DX_FLAG_ps='0'
DX_FLAG_rtf='0'
DX_FLAG_xml='0'
DX_HHC=''
DX_LATEX=''
DX_MAKEINDEX=''
DX_PDFLATEX=''
DX_PERL='/usr/bin/perl'
DX_PROJECT='zookeeper'
ECHO_C='\c'
ECHO_N=''
ECHO_T=''
EGREP='/usr/bin/grep -E'
EXEEXT=''
FGREP='/usr/bin/grep -F'
GREP='/usr/bin/grep'
INSTALL_DATA='${INSTALL} -m 644'
INSTALL_PROGRAM='${INSTALL}'
INSTALL_SCRIPT='${INSTALL}'
INSTALL_STRIP_PROGRAM='$(install_sh) -c -s'
LD='/Applications/Xcode.app/Contents/Developer/Toolchains/XcodeDefault.xctoolchain/usr/bin/ld'
LDFLAGS=''
LIBOBJS=''
LIBS=''
LIBTOOL='$(SHELL) $(top_builddir)/libtool'
LIPO='lipo'
LN_S='ln -s'
LTLIBOBJS=''
LT_SYS_LIBRARY_PATH=''
MAKEINFO='${SHELL} /Users/cbhavanasi/Downloads/zc-zookeeper-static-master/c/missing makeinfo'
MANIFEST_TOOL=':'
MKDIR_P='./install-sh -c -d'
NM='/usr/bin/nm -B'
NMEDIT='nmedit'
OBJDUMP='objdump'
OBJEXT='o'
OTOOL64=':'
OTOOL='otool'
PACKAGE='zookeeper'
PACKAGE_BUGREPORT='user@zookeeper.apache.org'
PACKAGE_NAME='zookeeper C client'
PACKAGE_STRING='zookeeper C client 3.5.3'
PACKAGE_TARNAME='zookeeper'
PACKAGE_URL=''
PACKAGE_VERSION='3.5.3'
PATH_SEPARATOR=':'
RANLIB='ranlib'
SED='/usr/bin/sed'
SET_MAKE=''
SHELL='/bin/sh'
SOLARIS_FALSE=''
SOLARIS_TRUE='#'
STRIP='strip'
USEIPV6='-DZOO_IPV6_ENABLED'
VERSION='3.5.3'
WANT_SYNCAPI_FALSE='#'
WANT_SYNCAPI_TRUE=''
ac_ct_AR='ar'
ac_ct_CC='gcc'
ac_ct_CXX='g++'
ac_ct_DUMPBIN=''
am__EXEEXT_FALSE=''
am__EXEEXT_TRUE='#'
am__fastdepCC_FALSE='#'
am__fastdepCC_TRUE=''
am__fastdepCXX_FALSE='#'
am__fastdepCXX_TRUE=''
am__include='include'
am__isrc=''
am__leading_dot='.'
am__nodep='_no'
am__quote=''
am__tar='$${TAR-tar} chof - "$$tardir"'
am__untar='$${TAR-tar} xf -'
bindir='${exec_prefix}/bin'
build='x86_64-apple-darwin16.7.0'
build_alias=''
build_cpu='x86_64'
build_os='darwin16.7.0'
build_vendor='apple'
datadir='${datarootdir}'
datarootdir='${prefix}/share'
docdir='${datarootdir}/doc/${PACKAGE_TARNAME}'
dvidir='${docdir}'
exec_prefix='${prefix}'
host='x86_64-apple-darwin16.7.0'
host_alias=''
host_cpu='x86_64'
host_os='darwin16.7.0'
host_vendor='apple'
htmldir='${docdir}'
includedir='${prefix}/include'
infodir='${datarootdir}/info'
install_sh='${SHELL} /Users/cbhavanasi/Downloads/zc-zookeeper-static-master/c/install-sh'
libdir='${exec_prefix}/lib'
libexecdir='${exec_prefix}/libexec'
localedir='${datarootdir}/locale'
localstatedir='${prefix}/var'
mandir='${datarootdir}/man'
mkdir_p='$(MKDIR_P)'
oldincludedir='/usr/include'
pdfdir='${docdir}'
prefix='/usr/local'
program_transform_name='s,x,x,'
psdir='${docdir}'
sbindir='${exec_prefix}/sbin'
sharedstatedir='${prefix}/com'
sysconfdir='${prefix}/etc'
target_alias=''

## ----------- ##
## confdefs.h. ##
## ----------- ##

/* confdefs.h */
#define PACKAGE_NAME "zookeeper C client"
#define PACKAGE_TARNAME "zookeeper"
#define PACKAGE_VERSION "3.5.3"
#define PACKAGE_STRING "zookeeper C client 3.5.3"
#define PACKAGE_BUGREPORT "user@zookeeper.apache.org"
#define PACKAGE_URL ""
#define PACKAGE "zookeeper"
#define VERSION "3.5.3"
#define HAVE_GENERATED_ZOOKEEPER_JUTE_C 1
#define HAVE_GENERATED_ZOOKEEPER_JUTE_H 1
#define STDC_HEADERS 1
#define HAVE_SYS_TYPES_H 1
#define HAVE_SYS_STAT_H 1
#define HAVE_STDLIB_H 1
#define HAVE_STRING_H 1
#define HAVE_MEMORY_H 1
#define HAVE_STRINGS_H 1
#define HAVE_INTTYPES_H 1
#define HAVE_STDINT_H 1
#define HAVE_UNISTD_H 1
#define HAVE_DLFCN_H 1
#define LT_OBJDIR ".libs/"
#define STDC_HEADERS 1
#define HAVE_ARPA_INET_H 1
#define HAVE_FCNTL_H 1
#define HAVE_NETDB_H 1
#define HAVE_NETINET_IN_H 1
#define HAVE_STDLIB_H 1
#define HAVE_STRING_H 1
#define HAVE_SYS_SOCKET_H 1
#define HAVE_SYS_TIME_H 1
#define HAVE_UNISTD_H 1
#define HAVE_SYS_UTSNAME_H 1
#define TIME_WITH_SYS_TIME 1
#define POLL_NFDS_TYPE nfds_t
#define HAVE_GETCWD 1
#define HAVE_GETHOSTBYNAME 1
#define HAVE_GETHOSTNAME 1
#define HAVE_GETLOGIN 1
#define HAVE_GETPWUID_R 1
#define HAVE_GETTIMEOFDAY 1
#define HAVE_GETUID 1
#define HAVE_MEMMOVE 1
#define HAVE_MEMSET 1
#define HAVE_POLL 1
#define HAVE_SOCKET 1
#define HAVE_STRCHR 1
#define HAVE_STRDUP 1
#define HAVE_STRERROR 1
#define HAVE_STRTOL 1

configure: exit 0
